11:53:59.826 INFO [GridLauncherV3.parse] - Selenium server version: 3.141.59, revision: e82be7d358
11:53:59.929 INFO [GridLauncherV3.lambda$buildLaunchers$3] - Launching a standalone Selenium Server on port 4445
2019-08-09 11:54:00.038:INFO::main: Logging initialized @590ms to org.seleniumhq.jetty9.util.log.StdErrLog
11:54:00.369 INFO [WebDriverServlet.<init>] - Initialising WebDriverServlet
11:54:00.713 INFO [SeleniumServer.boot] - Selenium Server is up and running on port 4445
11:54:01.203 INFO [ActiveSessionFactory.apply] - Capabilities are: {
  "acceptSslCerts": true,
  "browserName": "chrome",
  "chromeOptions": {
    "w3c": false
  },
  "name": "Yoodlize Test"
}
11:54:01.203 INFO [ActiveSessionFactory.lambda$apply$11] - Matched factory org.openqa.selenium.grid.session.remote.ServicedSession$Factory (provider: org.openqa.selenium.chrome.ChromeDriverService)
Starting ChromeDriver 75.0.3770.140 (2d9f97485c7b07dc18a74666574f19176731995c-refs/branch-heads/3770@{#1155}) on port 36238
Only local connections are allowed.
Please protect ports used by ChromeDriver and related test frameworks to prevent access by malicious code.
[1565373242.970][WARNING]: This version of ChromeDriver has not been tested with Chrome version 76.
11:54:04.059 INFO [ProtocolHandshake.createSession] - Detected dialect: OSS
11:54:04.372 INFO [RemoteSession$Factory.lambda$performHandshake$0] - Started new session f8fa3f6091a6681b65da26ca0a0eb64b (org.openqa.selenium.chrome.ChromeDriverService)
11:55:29.090 INFO [ActiveSessions$1.onStop] - Removing session f8fa3f6091a6681b65da26ca0a0eb64b (org.openqa.selenium.chrome.ChromeDriverService)
